<?xml version="1.0" encoding="UTF-8"?>
<!-- Generated by org.testng.reporters.JUnitReportReporter -->
<testsuite hostname="BDC7-DX-DM2JH92" failures="0" tests="6" name="com.tests.NewTest" time="54.064" errors="0" timestamp="20 May 2018 06:05:37 GMT" skipped="0">
  <testcase classname="com.tests.NewTest" name="testMercuryToursWelcome" time="15.747"/>
  <testcase classname="com.tests.NewTest" name="testMercuryToursWelcome" time="8.481"/>
  <testcase classname="com.tests.NewTest" name="testMercuryToursRegister" time="6.343"/>
  <testcase classname="com.tests.NewTest" name="testMercuryToursRegister" time="14.454"/>
  <testcase classname="com.tests.NewTest" name="testMercuryToursLogin" time="4.013"/>
  <testcase classname="com.tests.NewTest" name="testMercuryToursLogin" time="5.026"/>
</testsuite> <!-- com.tests.NewTest -->
