<?xml version="1.0" encoding="UTF-8"?>
<!-- Generated by org.testng.reporters.JUnitReportReporter -->
<testsuite hostname="BDC7-DX-DM2JH92" failures="0" tests="1" name="com.tests.NewTest3" time="38.567" errors="0" timestamp="19 May 2018 09:01:58 GMT" skipped="0">
  <testcase classname="com.tests.NewTest3" name="testClearTrip" time="38.567"/>
</testsuite> <!-- com.tests.NewTest3 -->
