<?xml version="1.0" encoding="UTF-8"?>
<!-- Generated by org.testng.reporters.JUnitReportReporter -->
<testsuite hostname="BDC7-DX-DM2JH92" failures="0" tests="1" name="com.tests.NewTest2" time="21.381" errors="0" timestamp="19 May 2018 06:53:36 GMT" skipped="0">
  <testcase classname="com.tests.NewTest2" name="testDragAndDrop" time="21.381"/>
</testsuite> <!-- com.tests.NewTest2 -->
